<?xml version="1.0" encoding="UTF-8"?>
<robot generator="Robot 7.3.2 (Python 3.13.2 on win32)" generated="2025-08-06T23:29:59.206221" rpa="false" schemaversion="5">
<suite id="s1" name="Test Case1" source="H:\Github\examen_jee\qa_test\lab3\id_1001\test_case1.robot">
<kw name="Open web browser" owner="keywords1" type="SETUP">
<kw name="Open Browser">
<msg time="2025-08-06T23:29:59.256817" level="FAIL">No keyword with name 'Open Browser' found. Did you mean:
    keywords1.Open web browser</msg>
<arg>${URL}</arg>
<arg>${BROWSER}</arg>
<status status="FAIL" start="2025-08-06T23:29:59.256673" elapsed="0.000267">No keyword with name 'Open Browser' found. Did you mean:
    keywords1.Open web browser</status>
</kw>
<kw name="Maximize Browser Window">
<status status="NOT RUN" start="2025-08-06T23:29:59.257171" elapsed="0.000082"/>
</kw>
<doc>Open the web browser and navigate to the home page</doc>
<status status="FAIL" start="2025-08-06T23:29:59.255678" elapsed="0.001744">No keyword with name 'Open Browser' found. Did you mean:
    keywords1.Open web browser</status>
</kw>
<test id="s1-t1" name="Home Page Should Load" line="9">
<status status="FAIL" start="2025-08-06T23:29:59.257537" elapsed="0.000414">Parent suite setup failed:
No keyword with name 'Open Browser' found. Did you mean:
    keywords1.Open web browser</status>
</test>
<kw name="Close Browser" type="TEARDOWN">
<msg time="2025-08-06T23:29:59.259538" level="FAIL">No keyword with name 'Close Browser' found. Did you mean:
    keywords1.Close Web Browser</msg>
<status status="FAIL" start="2025-08-06T23:29:59.259401" elapsed="0.000248">No keyword with name 'Close Browser' found. Did you mean:
    keywords1.Close Web Browser</status>
</kw>
<status status="FAIL" start="2025-08-06T23:29:59.221521" elapsed="0.038226">Suite setup failed:
No keyword with name 'Open Browser' found. Did you mean:
    keywords1.Open web browser

Also suite teardown failed:
No keyword with name 'Close Browser' found. Did you mean:
    keywords1.Close Web Browser</status>
</suite>
<statistics>
<total>
<stat pass="0" fail="1" skip="0">All Tests</stat>
</total>
<tag>
</tag>
<suite>
<stat name="Test Case1" id="s1" pass="0" fail="1" skip="0">Test Case1</stat>
</suite>
</statistics>
<errors>
<msg time="2025-08-06T23:29:59.244950" level="ERROR">Error in file 'H:\Github\examen_jee\qa_test\lab3\id_1001\test_case1.robot' on line 2: Importing library 'SeleniumLibrary' failed: ModuleNotFoundError: No module named 'SeleniumLibrary'
Traceback (most recent call last):
  None
PYTHONPATH:
  C:\Users\pc\AppData\Roaming\JetBrains\IntelliJIdea2025.1\plugins\robotframework-intellij\lib\robotframework_debug_adapter
  H:\Github\examen_jee\qa_test
  C:\Users\pc\AppData\Roaming\JetBrains\IntelliJIdea2025.1\plugins\robotframework-intellij\lib
  C:\Users\pc\AppData\Roaming\JetBrains\IntelliJIdea2025.1\plugins\robotframework-intellij\lib\robotframework_ls\vendored
  C:\Python313\python313.zip
  C:\Python313\DLLs
  C:\Python313\Lib
  C:\Python313
  C:\Users\pc\AppData\Roaming\Python\Python313\site-packages
  C:\Python313\Lib\site-packages</msg>
<msg time="2025-08-06T23:29:59.252083" level="ERROR">Error in file 'H:\Github\examen_jee\qa_test\lab3\id_1001\keywords1.robot' on line 2: Importing library 'SeleniumLibrary' failed: ModuleNotFoundError: No module named 'SeleniumLibrary'
Traceback (most recent call last):
  None
PYTHONPATH:
  C:\Users\pc\AppData\Roaming\JetBrains\IntelliJIdea2025.1\plugins\robotframework-intellij\lib\robotframework_debug_adapter
  H:\Github\examen_jee\qa_test
  C:\Users\pc\AppData\Roaming\JetBrains\IntelliJIdea2025.1\plugins\robotframework-intellij\lib
  C:\Users\pc\AppData\Roaming\JetBrains\IntelliJIdea2025.1\plugins\robotframework-intellij\lib\robotframework_ls\vendored
  C:\Python313\python313.zip
  C:\Python313\DLLs
  C:\Python313\Lib
  C:\Python313
  C:\Users\pc\AppData\Roaming\Python\Python313\site-packages
  C:\Python313\Lib\site-packages</msg>
</errors>
</robot>
